ATen/Parallel:
	at::get_num_threads() : 8
	at::get_num_interop_threads() : 8
OpenMP 201511 (a.k.a. OpenMP 4.5)
	omp_get_max_threads() : 8
Intel(R) Math Kernel Library Version 2020.0.2 Product Build 20200624 for Intel(R) 64 architecture applications
	mkl_get_max_threads() : 8
Intel(R) MKL-DNN v1.6.0 (Git Hash 5ef631a030a6f73131c77892041042805a06064f)
std::thread::hardware_concurrency() : 16
Environment variables:
	OMP_NUM_THREADS : [not set]
	MKL_NUM_THREADS : [not set]
ATen parallel backend: OpenMP

Namespace(batch_size=100, epochs=20, lr_act=1e-05, lr_out=0.01, lr_rnn=0.0001, 
num_hidden_units=128, num_infeatures=1, 
num_finelayers=16, num_layers=8, num_threads=8, 
outfile='../../Log/Fig9/H128L16_CDcpp.log', profile=False, seed=202104167)
epoch= 1
elapsed_time: 213.78  processed: 10.0%  loss=2.163252  acc=0.44100
elapsed_time: 431.28  processed: 20.0%  loss=1.559041  acc=0.57158
elapsed_time: 650.09  processed: 30.0%  loss=1.298102  acc=0.63433
elapsed_time: 869.88  processed: 40.0%  loss=1.163683  acc=0.66721
elapsed_time: 1090.58  processed: 50.0%  loss=1.074349  acc=0.69017
elapsed_time: 1311.67  processed: 60.0%  loss=1.007155  acc=0.70753
elapsed_time: 1533.04  processed: 70.0%  loss=0.963857  acc=0.71848
elapsed_time: 1754.68  processed: 80.0%  loss=0.928913  acc=0.72746
elapsed_time: 1976.37  processed: 90.0%  loss=0.895640  acc=0.73696
elapsed_time: 2198.72  processed: 100.0%  loss=0.866841  acc=0.74445
epoch= 2
elapsed_time: 2420.73  processed: 10.0%  loss=0.598901  acc=0.81900
elapsed_time: 2643.33  processed: 20.0%  loss=0.585383  acc=0.82267
elapsed_time: 2865.67  processed: 30.0%  loss=0.579863  acc=0.82578
elapsed_time: 3088.28  processed: 40.0%  loss=0.570054  acc=0.82846
elapsed_time: 3310.98  processed: 50.0%  loss=0.566669  acc=0.82850
elapsed_time: 3533.93  processed: 60.0%  loss=0.575988  acc=0.82756
elapsed_time: 3756.76  processed: 70.0%  loss=0.570479  acc=0.82988
elapsed_time: 3979.64  processed: 80.0%  loss=0.564871  acc=0.83165
elapsed_time: 4202.60  processed: 90.0%  loss=0.566566  acc=0.83107
elapsed_time: 4425.56  processed: 100.0%  loss=0.562775  acc=0.83210
epoch= 3
elapsed_time: 4648.56  processed: 10.0%  loss=0.527224  acc=0.84017
elapsed_time: 4871.54  processed: 20.0%  loss=0.524175  acc=0.84225
elapsed_time: 5094.53  processed: 30.0%  loss=0.528968  acc=0.84200
elapsed_time: 5317.64  processed: 40.0%  loss=0.519744  acc=0.84529
elapsed_time: 5540.77  processed: 50.0%  loss=0.520877  acc=0.84517
elapsed_time: 5763.90  processed: 60.0%  loss=0.520089  acc=0.84478
elapsed_time: 5986.79  processed: 70.0%  loss=0.517738  acc=0.84581
elapsed_time: 6210.00  processed: 80.0%  loss=0.514889  acc=0.84602
elapsed_time: 6433.11  processed: 90.0%  loss=0.512593  acc=0.84665
elapsed_time: 6656.08  processed: 100.0%  loss=0.510007  acc=0.84720
epoch= 4
elapsed_time: 6878.85  processed: 10.0%  loss=0.486868  acc=0.85817
elapsed_time: 7101.80  processed: 20.0%  loss=0.499212  acc=0.85283
elapsed_time: 7324.80  processed: 30.0%  loss=0.507957  acc=0.84944
elapsed_time: 7547.93  processed: 40.0%  loss=0.496748  acc=0.85267
elapsed_time: 7771.11  processed: 50.0%  loss=0.496987  acc=0.85220
elapsed_time: 7994.11  processed: 60.0%  loss=0.493818  acc=0.85375
elapsed_time: 8216.90  processed: 70.0%  loss=0.495689  acc=0.85271
elapsed_time: 8439.90  processed: 80.0%  loss=0.490630  acc=0.85404
elapsed_time: 8662.84  processed: 90.0%  loss=0.491288  acc=0.85383
elapsed_time: 8885.53  processed: 100.0%  loss=0.486746  acc=0.85530
epoch= 5
elapsed_time: 9108.23  processed: 10.0%  loss=0.457173  acc=0.86333
elapsed_time: 9330.79  processed: 20.0%  loss=0.494006  acc=0.85175
elapsed_time: 9553.69  processed: 30.0%  loss=0.479896  acc=0.85556
elapsed_time: 9776.29  processed: 40.0%  loss=0.477399  acc=0.85571
elapsed_time: 9999.18  processed: 50.0%  loss=0.468924  acc=0.85877
elapsed_time: 10221.82  processed: 60.0%  loss=0.495577  acc=0.85247
elapsed_time: 10444.35  processed: 70.0%  loss=0.487670  acc=0.85398
elapsed_time: 10666.89  processed: 80.0%  loss=0.485667  acc=0.85469
elapsed_time: 10889.30  processed: 90.0%  loss=0.491063  acc=0.85306
elapsed_time: 11111.98  processed: 100.0%  loss=0.485744  acc=0.85403
epoch= 6
elapsed_time: 11334.53  processed: 10.0%  loss=0.437142  acc=0.87433
elapsed_time: 11556.92  processed: 20.0%  loss=0.449105  acc=0.86575
elapsed_time: 11778.96  processed: 30.0%  loss=0.439638  acc=0.86867
elapsed_time: 12001.14  processed: 40.0%  loss=0.448340  acc=0.86762
elapsed_time: 12223.36  processed: 50.0%  loss=0.444140  acc=0.86767
elapsed_time: 12445.24  processed: 60.0%  loss=0.441005  acc=0.86822
elapsed_time: 12667.13  processed: 70.0%  loss=0.445912  acc=0.86605
elapsed_time: 12889.16  processed: 80.0%  loss=0.442011  acc=0.86746
elapsed_time: 13111.14  processed: 90.0%  loss=0.440853  acc=0.86709
elapsed_time: 13333.20  processed: 100.0%  loss=0.435501  acc=0.86848
epoch= 7
elapsed_time: 13555.31  processed: 10.0%  loss=0.495530  acc=0.85183
elapsed_time: 13777.35  processed: 20.0%  loss=0.457279  acc=0.86275
elapsed_time: 13999.06  processed: 30.0%  loss=0.464114  acc=0.86061
elapsed_time: 14220.70  processed: 40.0%  loss=0.455516  acc=0.86279
elapsed_time: 14442.45  processed: 50.0%  loss=0.441223  acc=0.86680
elapsed_time: 14664.20  processed: 60.0%  loss=0.434844  acc=0.86850
elapsed_time: 14886.05  processed: 70.0%  loss=0.440686  acc=0.86738
elapsed_time: 15107.90  processed: 80.0%  loss=0.436196  acc=0.86898
elapsed_time: 15329.67  processed: 90.0%  loss=0.436344  acc=0.86911
elapsed_time: 15551.37  processed: 100.0%  loss=0.450836  acc=0.86462
epoch= 8
elapsed_time: 15773.02  processed: 10.0%  loss=0.433276  acc=0.86567
elapsed_time: 15994.83  processed: 20.0%  loss=0.456314  acc=0.86150
elapsed_time: 16216.54  processed: 30.0%  loss=0.460587  acc=0.85989
elapsed_time: 16438.12  processed: 40.0%  loss=0.446682  acc=0.86392
elapsed_time: 16660.12  processed: 50.0%  loss=0.441685  acc=0.86533
elapsed_time: 16881.97  processed: 60.0%  loss=0.448827  acc=0.86272
elapsed_time: 17103.52  processed: 70.0%  loss=0.443833  acc=0.86376
elapsed_time: 17325.39  processed: 80.0%  loss=0.442822  acc=0.86377
elapsed_time: 17547.16  processed: 90.0%  loss=0.436878  acc=0.86607
elapsed_time: 17768.73  processed: 100.0%  loss=0.446610  acc=0.86390
epoch= 9
elapsed_time: 17990.22  processed: 10.0%  loss=0.382813  acc=0.89100
elapsed_time: 18211.74  processed: 20.0%  loss=0.388278  acc=0.88633
elapsed_time: 18433.13  processed: 30.0%  loss=0.421040  acc=0.87733
elapsed_time: 18654.07  processed: 40.0%  loss=0.418835  acc=0.87729
elapsed_time: 18873.06  processed: 50.0%  loss=0.433929  acc=0.87213
elapsed_time: 19091.93  processed: 60.0%  loss=0.426231  acc=0.87358
elapsed_time: 19310.64  processed: 70.0%  loss=0.422719  acc=0.87424
elapsed_time: 19529.41  processed: 80.0%  loss=0.428028  acc=0.87229
elapsed_time: 19747.87  processed: 90.0%  loss=0.421687  acc=0.87376
elapsed_time: 19966.86  processed: 100.0%  loss=0.422177  acc=0.87282
epoch= 10
elapsed_time: 20185.54  processed: 10.0%  loss=0.521913  acc=0.84167
elapsed_time: 20403.77  processed: 20.0%  loss=0.453394  acc=0.86183
elapsed_time: 20622.15  processed: 30.0%  loss=0.426463  acc=0.87039
elapsed_time: 20840.75  processed: 40.0%  loss=0.427336  acc=0.87112
elapsed_time: 21059.17  processed: 50.0%  loss=0.418985  acc=0.87403
elapsed_time: 21277.69  processed: 60.0%  loss=0.444993  acc=0.86731
elapsed_time: 21495.98  processed: 70.0%  loss=0.447183  acc=0.86626
elapsed_time: 21714.49  processed: 80.0%  loss=0.439076  acc=0.86877
elapsed_time: 21932.97  processed: 90.0%  loss=0.431183  acc=0.87100
elapsed_time: 22151.51  processed: 100.0%  loss=0.436151  acc=0.86978
epoch= 11
elapsed_time: 22370.07  processed: 10.0%  loss=0.363781  acc=0.89100
elapsed_time: 22588.55  processed: 20.0%  loss=0.370609  acc=0.88758
elapsed_time: 22806.90  processed: 30.0%  loss=0.374752  acc=0.88622
elapsed_time: 23025.28  processed: 40.0%  loss=0.406660  acc=0.87775
elapsed_time: 23243.86  processed: 50.0%  loss=0.399819  acc=0.87943
elapsed_time: 23462.18  processed: 60.0%  loss=0.408905  acc=0.87711
elapsed_time: 23680.43  processed: 70.0%  loss=0.401865  acc=0.87902
elapsed_time: 23898.66  processed: 80.0%  loss=0.398072  acc=0.88015
elapsed_time: 24117.07  processed: 90.0%  loss=0.409295  acc=0.87669
elapsed_time: 24335.42  processed: 100.0%  loss=0.403351  acc=0.87835
epoch= 12
elapsed_time: 24553.64  processed: 10.0%  loss=0.416454  acc=0.87183
elapsed_time: 24771.88  processed: 20.0%  loss=0.391637  acc=0.87833
elapsed_time: 24990.12  processed: 30.0%  loss=0.407480  acc=0.87567
elapsed_time: 25208.36  processed: 40.0%  loss=0.427545  acc=0.87142
elapsed_time: 25426.66  processed: 50.0%  loss=0.421411  acc=0.87313
elapsed_time: 25644.89  processed: 60.0%  loss=0.411202  acc=0.87617
elapsed_time: 25863.23  processed: 70.0%  loss=0.405151  acc=0.87724
elapsed_time: 26081.32  processed: 80.0%  loss=0.428355  acc=0.87073
elapsed_time: 26299.42  processed: 90.0%  loss=0.423288  acc=0.87244
elapsed_time: 26517.58  processed: 100.0%  loss=0.415823  acc=0.87490
epoch= 13
elapsed_time: 26735.67  processed: 10.0%  loss=0.368907  acc=0.88767
elapsed_time: 26953.59  processed: 20.0%  loss=0.396621  acc=0.87992
elapsed_time: 27171.60  processed: 30.0%  loss=0.395112  acc=0.87906
elapsed_time: 27389.64  processed: 40.0%  loss=0.385117  acc=0.88217
elapsed_time: 27607.74  processed: 50.0%  loss=0.446804  acc=0.86877
elapsed_time: 27825.54  processed: 60.0%  loss=0.462112  acc=0.86278
elapsed_time: 28043.38  processed: 70.0%  loss=0.455475  acc=0.86364
elapsed_time: 28261.20  processed: 80.0%  loss=0.467316  acc=0.85958
elapsed_time: 28479.01  processed: 90.0%  loss=0.460365  acc=0.86124
elapsed_time: 28696.56  processed: 100.0%  loss=0.455215  acc=0.86233
epoch= 14
elapsed_time: 28914.18  processed: 10.0%  loss=0.389510  acc=0.87733
elapsed_time: 29131.88  processed: 20.0%  loss=0.409380  acc=0.86992
elapsed_time: 29349.69  processed: 30.0%  loss=0.395423  acc=0.87356
elapsed_time: 29567.35  processed: 40.0%  loss=0.417364  acc=0.86904
elapsed_time: 29785.05  processed: 50.0%  loss=0.401871  acc=0.87393
elapsed_time: 30002.81  processed: 60.0%  loss=0.395473  acc=0.87631
elapsed_time: 30220.60  processed: 70.0%  loss=0.405086  acc=0.87336
elapsed_time: 30438.38  processed: 80.0%  loss=0.397347  acc=0.87583
elapsed_time: 30655.74  processed: 90.0%  loss=0.400012  acc=0.87498
elapsed_time: 30873.32  processed: 100.0%  loss=0.393363  acc=0.87678
epoch= 15
elapsed_time: 31091.03  processed: 10.0%  loss=0.363102  acc=0.88733
elapsed_time: 31308.54  processed: 20.0%  loss=0.431875  acc=0.86750
elapsed_time: 31526.08  processed: 30.0%  loss=0.434210  acc=0.86583
elapsed_time: 31743.57  processed: 40.0%  loss=0.418508  acc=0.87142
elapsed_time: 31961.30  processed: 50.0%  loss=0.400099  acc=0.87690
elapsed_time: 32178.90  processed: 60.0%  loss=0.419080  acc=0.87139
elapsed_time: 32396.70  processed: 70.0%  loss=0.415871  acc=0.87238
elapsed_time: 32614.11  processed: 80.0%  loss=0.405742  acc=0.87565
elapsed_time: 32831.42  processed: 90.0%  loss=0.427701  acc=0.87063
elapsed_time: 33048.84  processed: 100.0%  loss=0.420938  acc=0.87215
epoch= 16
elapsed_time: 33266.14  processed: 10.0%  loss=0.386793  acc=0.88083
elapsed_time: 33483.62  processed: 20.0%  loss=0.364589  acc=0.88908
elapsed_time: 33701.02  processed: 30.0%  loss=0.407180  acc=0.87561
elapsed_time: 33918.35  processed: 40.0%  loss=0.397053  acc=0.87804
elapsed_time: 34135.74  processed: 50.0%  loss=0.387067  acc=0.88130
elapsed_time: 34353.31  processed: 60.0%  loss=0.379466  acc=0.88389
elapsed_time: 34570.74  processed: 70.0%  loss=0.403898  acc=0.87652
elapsed_time: 34788.03  processed: 80.0%  loss=0.406687  acc=0.87571
elapsed_time: 35005.26  processed: 90.0%  loss=0.401951  acc=0.87696
elapsed_time: 35222.47  processed: 100.0%  loss=0.406882  acc=0.87515
epoch= 17
elapsed_time: 35439.70  processed: 10.0%  loss=0.340292  acc=0.89000
elapsed_time: 35657.03  processed: 20.0%  loss=0.393310  acc=0.87742
elapsed_time: 35874.11  processed: 30.0%  loss=0.371492  acc=0.88306
elapsed_time: 36091.20  processed: 40.0%  loss=0.368667  acc=0.88354
elapsed_time: 36308.33  processed: 50.0%  loss=0.421260  acc=0.87183
elapsed_time: 36525.40  processed: 60.0%  loss=0.418143  acc=0.87281
elapsed_time: 36742.67  processed: 70.0%  loss=0.406844  acc=0.87576
elapsed_time: 36959.86  processed: 80.0%  loss=0.406028  acc=0.87556
elapsed_time: 37177.04  processed: 90.0%  loss=0.412177  acc=0.87415
elapsed_time: 37394.21  processed: 100.0%  loss=0.402996  acc=0.87683
epoch= 18
elapsed_time: 37611.60  processed: 10.0%  loss=0.351342  acc=0.89317
elapsed_time: 37828.86  processed: 20.0%  loss=0.341730  acc=0.89442
elapsed_time: 38045.89  processed: 30.0%  loss=0.393826  acc=0.87989
elapsed_time: 38263.09  processed: 40.0%  loss=0.387782  acc=0.88242
elapsed_time: 38480.29  processed: 50.0%  loss=0.381550  acc=0.88360
elapsed_time: 38697.40  processed: 60.0%  loss=0.418344  acc=0.87508
elapsed_time: 38914.27  processed: 70.0%  loss=0.412690  acc=0.87598
elapsed_time: 39131.27  processed: 80.0%  loss=0.406790  acc=0.87696
elapsed_time: 39348.36  processed: 90.0%  loss=0.402852  acc=0.87769
elapsed_time: 39565.61  processed: 100.0%  loss=0.414806  acc=0.87438
epoch= 19
elapsed_time: 39782.65  processed: 10.0%  loss=0.362486  acc=0.88633
elapsed_time: 39999.69  processed: 20.0%  loss=0.368470  acc=0.88708
elapsed_time: 40216.76  processed: 30.0%  loss=0.429325  acc=0.87072
elapsed_time: 40433.83  processed: 40.0%  loss=0.412471  acc=0.87542
elapsed_time: 40651.16  processed: 50.0%  loss=0.406276  acc=0.87667
elapsed_time: 40867.99  processed: 60.0%  loss=0.432079  acc=0.86919
elapsed_time: 41086.21  processed: 70.0%  loss=0.417601  acc=0.87331
elapsed_time: 41305.92  processed: 80.0%  loss=0.424557  acc=0.87115
elapsed_time: 41525.76  processed: 90.0%  loss=0.420070  acc=0.87231
elapsed_time: 41745.48  processed: 100.0%  loss=0.413485  acc=0.87415
epoch= 20
elapsed_time: 41964.94  processed: 10.0%  loss=0.427010  acc=0.87417
elapsed_time: 42184.31  processed: 20.0%  loss=0.399261  acc=0.87800
elapsed_time: 42403.96  processed: 30.0%  loss=0.443201  acc=0.86450
elapsed_time: 42623.65  processed: 40.0%  loss=0.437665  acc=0.86487
elapsed_time: 42843.39  processed: 50.0%  loss=0.423379  acc=0.86890
elapsed_time: 43063.13  processed: 60.0%  loss=0.433134  acc=0.86628
elapsed_time: 43282.71  processed: 70.0%  loss=0.423375  acc=0.86945
elapsed_time: 43502.41  processed: 80.0%  loss=0.414173  acc=0.87248
elapsed_time: 43722.19  processed: 90.0%  loss=0.415309  acc=0.87213
elapsed_time: 43941.77  processed: 100.0%  loss=0.409682  acc=0.87357
Test accuracy = 0.8754
