ATen/Parallel:
	at::get_num_threads() : 8
	at::get_num_interop_threads() : 8
OpenMP 201511 (a.k.a. OpenMP 4.5)
	omp_get_max_threads() : 8
Intel(R) Math Kernel Library Version 2020.0.2 Product Build 20200624 for Intel(R) 64 architecture applications
	mkl_get_max_threads() : 8
Intel(R) MKL-DNN v1.6.0 (Git Hash 5ef631a030a6f73131c77892041042805a06064f)
std::thread::hardware_concurrency() : 16
Environment variables:
	OMP_NUM_THREADS : [not set]
	MKL_NUM_THREADS : [not set]
ATen parallel backend: OpenMP

Namespace(batch_size=100, epochs=20, lr_act=1e-05, lr_out=0.01, lr_rnn=0.0001, 
num_hidden_units=128, num_infeatures=1, 
num_finelayers=16, num_layers=8, num_threads=8, 
outfile='../../Log/Fig9/H128L16_AD.log', profile=False, seed=202104162)
epoch= 1
elapsed_time: 1137.18  processed: 10.0%  loss=1.767312  acc=0.55233
elapsed_time: 2277.81  processed: 20.0%  loss=1.198614  acc=0.68017
elapsed_time: 3417.81  processed: 30.0%  loss=0.996357  acc=0.72750
elapsed_time: 4535.21  processed: 40.0%  loss=0.870743  acc=0.75854
elapsed_time: 5672.15  processed: 50.0%  loss=0.784581  acc=0.78110
elapsed_time: 6813.93  processed: 60.0%  loss=0.733870  acc=0.79400
elapsed_time: 7953.84  processed: 70.0%  loss=0.690003  acc=0.80550
elapsed_time: 9094.19  processed: 80.0%  loss=0.659994  acc=0.81265
elapsed_time: 10225.81  processed: 90.0%  loss=0.634628  acc=0.81954
elapsed_time: 11354.28  processed: 100.0%  loss=0.610690  acc=0.82545
epoch= 2
elapsed_time: 12473.97  processed: 10.0%  loss=0.406847  acc=0.88250
elapsed_time: 13589.15  processed: 20.0%  loss=0.412798  acc=0.87808
elapsed_time: 14699.15  processed: 30.0%  loss=0.412807  acc=0.87650
elapsed_time: 15808.13  processed: 40.0%  loss=0.405537  acc=0.87771
elapsed_time: 16917.33  processed: 50.0%  loss=0.404687  acc=0.87947
elapsed_time: 18028.59  processed: 60.0%  loss=0.399356  acc=0.88081
elapsed_time: 19135.39  processed: 70.0%  loss=0.403430  acc=0.88007
elapsed_time: 20259.54  processed: 80.0%  loss=0.400837  acc=0.88015
elapsed_time: 21395.85  processed: 90.0%  loss=0.397030  acc=0.88137
elapsed_time: 22521.82  processed: 100.0%  loss=0.395721  acc=0.88175
epoch= 3
elapsed_time: 23646.86  processed: 10.0%  loss=0.345468  acc=0.89850
elapsed_time: 24782.27  processed: 20.0%  loss=0.364413  acc=0.89417
elapsed_time: 25918.53  processed: 30.0%  loss=0.365087  acc=0.89217
elapsed_time: 27053.87  processed: 40.0%  loss=0.363899  acc=0.89187
elapsed_time: 28189.96  processed: 50.0%  loss=0.365783  acc=0.89150
elapsed_time: 29325.80  processed: 60.0%  loss=0.365374  acc=0.89075
elapsed_time: 30461.90  processed: 70.0%  loss=0.366214  acc=0.88986
elapsed_time: 31597.28  processed: 80.0%  loss=0.365016  acc=0.89015
elapsed_time: 32733.41  processed: 90.0%  loss=0.361389  acc=0.89193
elapsed_time: 33870.41  processed: 100.0%  loss=0.360964  acc=0.89232
epoch= 4
elapsed_time: 34994.32  processed: 10.0%  loss=0.341042  acc=0.90317
elapsed_time: 36120.10  processed: 20.0%  loss=0.335165  acc=0.90033
elapsed_time: 37243.74  processed: 30.0%  loss=0.338299  acc=0.89911
elapsed_time: 38374.23  processed: 40.0%  loss=0.341952  acc=0.89867
elapsed_time: 39513.59  processed: 50.0%  loss=0.342736  acc=0.89873
elapsed_time: 40652.97  processed: 60.0%  loss=0.357976  acc=0.89383
elapsed_time: 41792.16  processed: 70.0%  loss=0.352167  acc=0.89486
elapsed_time: 42930.83  processed: 80.0%  loss=0.348248  acc=0.89548
elapsed_time: 44068.29  processed: 90.0%  loss=0.348140  acc=0.89580
elapsed_time: 45199.94  processed: 100.0%  loss=0.345609  acc=0.89677
epoch= 5
elapsed_time: 46306.65  processed: 10.0%  loss=0.348262  acc=0.89500
elapsed_time: 47427.04  processed: 20.0%  loss=0.333238  acc=0.89817
elapsed_time: 48565.39  processed: 30.0%  loss=0.325932  acc=0.90239
elapsed_time: 49704.50  processed: 40.0%  loss=0.331633  acc=0.90017
elapsed_time: 50843.06  processed: 50.0%  loss=0.329430  acc=0.90110
elapsed_time: 51982.33  processed: 60.0%  loss=0.342779  acc=0.89708
elapsed_time: 53121.31  processed: 70.0%  loss=0.337803  acc=0.89869
elapsed_time: 54260.21  processed: 80.0%  loss=0.333767  acc=0.89996
elapsed_time: 55399.51  processed: 90.0%  loss=0.338103  acc=0.89854
elapsed_time: 56538.61  processed: 100.0%  loss=0.335017  acc=0.89953
epoch= 6
elapsed_time: 57678.00  processed: 10.0%  loss=0.314877  acc=0.90517
elapsed_time: 58817.01  processed: 20.0%  loss=0.314785  acc=0.90717
elapsed_time: 59956.25  processed: 30.0%  loss=0.317860  acc=0.90433
elapsed_time: 61077.16  processed: 40.0%  loss=0.330984  acc=0.90017
elapsed_time: 62185.11  processed: 50.0%  loss=0.334196  acc=0.89963
elapsed_time: 63293.65  processed: 60.0%  loss=0.330352  acc=0.90067
elapsed_time: 64401.67  processed: 70.0%  loss=0.327204  acc=0.90174
elapsed_time: 65510.33  processed: 80.0%  loss=0.325255  acc=0.90269
elapsed_time: 66618.77  processed: 90.0%  loss=0.325259  acc=0.90239
elapsed_time: 67728.00  processed: 100.0%  loss=0.326711  acc=0.90198
epoch= 7
elapsed_time: 68837.05  processed: 10.0%  loss=0.355396  acc=0.89033
elapsed_time: 69945.48  processed: 20.0%  loss=0.327608  acc=0.89992
elapsed_time: 71054.52  processed: 30.0%  loss=0.329648  acc=0.89967
elapsed_time: 72163.52  processed: 40.0%  loss=0.327954  acc=0.90096
elapsed_time: 73271.77  processed: 50.0%  loss=0.322790  acc=0.90260
elapsed_time: 74380.39  processed: 60.0%  loss=0.319040  acc=0.90281
elapsed_time: 75489.83  processed: 70.0%  loss=0.323831  acc=0.90160
elapsed_time: 76598.51  processed: 80.0%  loss=0.322629  acc=0.90185
elapsed_time: 77707.25  processed: 90.0%  loss=0.325628  acc=0.90135
elapsed_time: 78816.11  processed: 100.0%  loss=0.324025  acc=0.90150
epoch= 8
elapsed_time: 79934.22  processed: 10.0%  loss=0.317286  acc=0.90583
elapsed_time: 81073.25  processed: 20.0%  loss=0.302454  acc=0.90708
elapsed_time: 82212.88  processed: 30.0%  loss=0.300848  acc=0.90761
elapsed_time: 83351.78  processed: 40.0%  loss=0.303322  acc=0.90775
elapsed_time: 84490.54  processed: 50.0%  loss=0.304445  acc=0.90707
elapsed_time: 85628.92  processed: 60.0%  loss=0.318695  acc=0.90297
elapsed_time: 86763.20  processed: 70.0%  loss=0.316104  acc=0.90376
elapsed_time: 87887.79  processed: 80.0%  loss=0.319089  acc=0.90304
elapsed_time: 89011.74  processed: 90.0%  loss=0.314813  acc=0.90456
elapsed_time: 90135.64  processed: 100.0%  loss=0.314603  acc=0.90423
epoch= 9
elapsed_time: 91260.12  processed: 10.0%  loss=0.284279  acc=0.91567
elapsed_time: 92384.61  processed: 20.0%  loss=0.324523  acc=0.90508
elapsed_time: 93508.96  processed: 30.0%  loss=0.311703  acc=0.90872
elapsed_time: 94633.15  processed: 40.0%  loss=0.318537  acc=0.90529
elapsed_time: 95756.60  processed: 50.0%  loss=0.318165  acc=0.90513
elapsed_time: 96881.02  processed: 60.0%  loss=0.314991  acc=0.90522
elapsed_time: 98013.30  processed: 70.0%  loss=0.314615  acc=0.90579
elapsed_time: 99151.82  processed: 80.0%  loss=0.315105  acc=0.90533
elapsed_time: 100290.42  processed: 90.0%  loss=0.315970  acc=0.90470
elapsed_time: 101407.69  processed: 100.0%  loss=0.314719  acc=0.90537
epoch= 10
elapsed_time: 102513.30  processed: 10.0%  loss=0.291004  acc=0.91217
elapsed_time: 103619.34  processed: 20.0%  loss=0.288795  acc=0.91125
elapsed_time: 104724.99  processed: 30.0%  loss=0.295205  acc=0.90922
elapsed_time: 105829.59  processed: 40.0%  loss=0.306891  acc=0.90675
elapsed_time: 106941.11  processed: 50.0%  loss=0.305289  acc=0.90653
elapsed_time: 108069.72  processed: 60.0%  loss=0.309236  acc=0.90528
elapsed_time: 109195.52  processed: 70.0%  loss=0.308840  acc=0.90569
elapsed_time: 110320.86  processed: 80.0%  loss=0.309001  acc=0.90617
elapsed_time: 111435.41  processed: 90.0%  loss=0.310454  acc=0.90557
elapsed_time: 112543.54  processed: 100.0%  loss=0.308130  acc=0.90607
epoch= 11
elapsed_time: 113652.23  processed: 10.0%  loss=0.308209  acc=0.90700
elapsed_time: 114760.73  processed: 20.0%  loss=0.291969  acc=0.91025
elapsed_time: 115869.36  processed: 30.0%  loss=0.300549  acc=0.90689
elapsed_time: 116976.96  processed: 40.0%  loss=0.304418  acc=0.90654
elapsed_time: 118085.07  processed: 50.0%  loss=0.302644  acc=0.90720
elapsed_time: 119194.14  processed: 60.0%  loss=0.298196  acc=0.90836
elapsed_time: 120302.20  processed: 70.0%  loss=0.303181  acc=0.90674
elapsed_time: 121425.02  processed: 80.0%  loss=0.299925  acc=0.90796
elapsed_time: 122560.68  processed: 90.0%  loss=0.301073  acc=0.90804
elapsed_time: 123693.18  processed: 100.0%  loss=0.302079  acc=0.90768
epoch= 12
elapsed_time: 124822.76  processed: 10.0%  loss=0.287807  acc=0.91200
elapsed_time: 125959.42  processed: 20.0%  loss=0.277215  acc=0.91475
elapsed_time: 127096.02  processed: 30.0%  loss=0.297080  acc=0.90833
elapsed_time: 128233.17  processed: 40.0%  loss=0.301647  acc=0.90704
elapsed_time: 129369.75  processed: 50.0%  loss=0.294499  acc=0.90900
elapsed_time: 130506.18  processed: 60.0%  loss=0.300782  acc=0.90761
elapsed_time: 131643.04  processed: 70.0%  loss=0.300367  acc=0.90812
elapsed_time: 132779.86  processed: 80.0%  loss=0.298143  acc=0.90896
elapsed_time: 133916.06  processed: 90.0%  loss=0.298690  acc=0.90861
elapsed_time: 135051.95  processed: 100.0%  loss=0.315560  acc=0.90372
epoch= 13
elapsed_time: 136188.09  processed: 10.0%  loss=0.274367  acc=0.91617
elapsed_time: 137324.87  processed: 20.0%  loss=0.286283  acc=0.91050
elapsed_time: 138461.03  processed: 30.0%  loss=0.305416  acc=0.90561
elapsed_time: 139597.23  processed: 40.0%  loss=0.300442  acc=0.90787
elapsed_time: 140720.45  processed: 50.0%  loss=0.305733  acc=0.90610
elapsed_time: 141846.29  processed: 60.0%  loss=0.317850  acc=0.90300
elapsed_time: 142983.53  processed: 70.0%  loss=0.315361  acc=0.90383
elapsed_time: 144119.12  processed: 80.0%  loss=0.316629  acc=0.90394
elapsed_time: 145255.03  processed: 90.0%  loss=0.317710  acc=0.90381
elapsed_time: 146391.33  processed: 100.0%  loss=0.321609  acc=0.90292
epoch= 14
elapsed_time: 147498.80  processed: 10.0%  loss=0.338676  acc=0.89617
elapsed_time: 148605.94  processed: 20.0%  loss=0.326302  acc=0.90167
elapsed_time: 149712.70  processed: 30.0%  loss=0.325065  acc=0.90239
elapsed_time: 150819.37  processed: 40.0%  loss=0.327306  acc=0.90237
elapsed_time: 151926.41  processed: 50.0%  loss=0.324599  acc=0.90233
elapsed_time: 153033.19  processed: 60.0%  loss=0.328141  acc=0.90161
elapsed_time: 154143.59  processed: 70.0%  loss=0.332896  acc=0.89945
elapsed_time: 155251.71  processed: 80.0%  loss=0.331749  acc=0.89967
elapsed_time: 156356.51  processed: 90.0%  loss=0.329060  acc=0.90069
elapsed_time: 157461.87  processed: 100.0%  loss=0.327489  acc=0.90132
epoch= 15
elapsed_time: 158567.62  processed: 10.0%  loss=0.299149  acc=0.90333
elapsed_time: 159673.63  processed: 20.0%  loss=0.337769  acc=0.89575
elapsed_time: 160809.40  processed: 30.0%  loss=0.322880  acc=0.90106
elapsed_time: 161947.82  processed: 40.0%  loss=0.321562  acc=0.90158
elapsed_time: 163085.22  processed: 50.0%  loss=0.323841  acc=0.90093
elapsed_time: 164222.71  processed: 60.0%  loss=0.322433  acc=0.90219
elapsed_time: 165360.38  processed: 70.0%  loss=0.320538  acc=0.90360
elapsed_time: 166496.16  processed: 80.0%  loss=0.320712  acc=0.90412
elapsed_time: 167634.71  processed: 90.0%  loss=0.322776  acc=0.90296
elapsed_time: 168771.95  processed: 100.0%  loss=0.326847  acc=0.90173
epoch= 16
elapsed_time: 169893.69  processed: 10.0%  loss=0.310243  acc=0.90500
elapsed_time: 171001.36  processed: 20.0%  loss=0.323752  acc=0.90317
elapsed_time: 172111.00  processed: 30.0%  loss=0.322090  acc=0.90278
elapsed_time: 173235.79  processed: 40.0%  loss=0.318644  acc=0.90396
elapsed_time: 174361.37  processed: 50.0%  loss=0.334039  acc=0.90050
elapsed_time: 175485.97  processed: 60.0%  loss=0.332907  acc=0.90022
elapsed_time: 176610.85  processed: 70.0%  loss=0.328483  acc=0.90124
elapsed_time: 177735.81  processed: 80.0%  loss=0.326830  acc=0.90121
elapsed_time: 178860.27  processed: 90.0%  loss=0.324406  acc=0.90135
elapsed_time: 179984.39  processed: 100.0%  loss=0.327880  acc=0.90012
epoch= 17
elapsed_time: 181108.58  processed: 10.0%  loss=0.296442  acc=0.91433
elapsed_time: 182233.83  processed: 20.0%  loss=0.301723  acc=0.90925
elapsed_time: 183355.51  processed: 30.0%  loss=0.298280  acc=0.90978
elapsed_time: 184467.35  processed: 40.0%  loss=0.327877  acc=0.90162
elapsed_time: 185604.74  processed: 50.0%  loss=0.318224  acc=0.90463
elapsed_time: 186742.41  processed: 60.0%  loss=0.316288  acc=0.90581
elapsed_time: 187880.34  processed: 70.0%  loss=0.318714  acc=0.90514
elapsed_time: 189018.00  processed: 80.0%  loss=0.334405  acc=0.90140
elapsed_time: 190155.97  processed: 90.0%  loss=0.335409  acc=0.90102
elapsed_time: 191294.24  processed: 100.0%  loss=0.330901  acc=0.90197
epoch= 18
elapsed_time: 192432.48  processed: 10.0%  loss=0.306410  acc=0.90417
elapsed_time: 193570.08  processed: 20.0%  loss=0.306796  acc=0.90458
elapsed_time: 194709.54  processed: 30.0%  loss=0.311395  acc=0.90428
elapsed_time: 195847.69  processed: 40.0%  loss=0.310785  acc=0.90417
elapsed_time: 196986.11  processed: 50.0%  loss=0.308367  acc=0.90463
elapsed_time: 198122.70  processed: 60.0%  loss=0.309748  acc=0.90461
elapsed_time: 199258.57  processed: 70.0%  loss=0.309951  acc=0.90533
elapsed_time: 200373.29  processed: 80.0%  loss=0.312577  acc=0.90481
elapsed_time: 201492.66  processed: 90.0%  loss=0.312091  acc=0.90476
elapsed_time: 202616.75  processed: 100.0%  loss=0.311626  acc=0.90492
epoch= 19
elapsed_time: 203740.76  processed: 10.0%  loss=0.348334  acc=0.89500
elapsed_time: 204863.16  processed: 20.0%  loss=0.323296  acc=0.90033
elapsed_time: 205969.73  processed: 30.0%  loss=0.321758  acc=0.90156
elapsed_time: 207075.27  processed: 40.0%  loss=0.319462  acc=0.90171
elapsed_time: 208193.81  processed: 50.0%  loss=0.315465  acc=0.90330
elapsed_time: 209316.92  processed: 60.0%  loss=0.323429  acc=0.90147
elapsed_time: 210440.03  processed: 70.0%  loss=0.317569  acc=0.90331
elapsed_time: 211570.42  processed: 80.0%  loss=0.318458  acc=0.90260
elapsed_time: 212706.69  processed: 90.0%  loss=0.318571  acc=0.90239
elapsed_time: 213842.09  processed: 100.0%  loss=0.318853  acc=0.90245
epoch= 20
elapsed_time: 214976.59  processed: 10.0%  loss=0.350963  acc=0.89633
elapsed_time: 216111.32  processed: 20.0%  loss=0.342055  acc=0.90008
elapsed_time: 217247.10  processed: 30.0%  loss=0.328627  acc=0.90306
elapsed_time: 218382.31  processed: 40.0%  loss=0.317441  acc=0.90617
elapsed_time: 219517.18  processed: 50.0%  loss=0.317189  acc=0.90530
elapsed_time: 220652.19  processed: 60.0%  loss=0.321141  acc=0.90336
elapsed_time: 221787.82  processed: 70.0%  loss=0.319134  acc=0.90329
elapsed_time: 222922.87  processed: 80.0%  loss=0.319643  acc=0.90254
elapsed_time: 224053.81  processed: 90.0%  loss=0.318344  acc=0.90317
elapsed_time: 225164.36  processed: 100.0%  loss=0.316339  acc=0.90368
Test accuracy = 0.9253
