ATen/Parallel:
	at::get_num_threads() : 8
	at::get_num_interop_threads() : 8
OpenMP 201511 (a.k.a. OpenMP 4.5)
	omp_get_max_threads() : 8
Intel(R) Math Kernel Library Version 2020.0.2 Product Build 20200624 for Intel(R) 64 architecture applications
	mkl_get_max_threads() : 8
Intel(R) MKL-DNN v1.6.0 (Git Hash 5ef631a030a6f73131c77892041042805a06064f)
std::thread::hardware_concurrency() : 16
Environment variables:
	OMP_NUM_THREADS : [not set]
	MKL_NUM_THREADS : [not set]
ATen parallel backend: OpenMP

Namespace(batch_size=100, epochs=20, lr_act=1e-05, lr_out=0.01, lr_rnn=0.0001, num_finelayers=4, num_hidden_units=32, num_infeatures=1, num_layers=2, num_threads=8, outfile='./rnn.log', profile=False, seed=202104235)
epoch= 1
elapsed_time: 88.87  processed: 5.0%  loss=1.751619  acc=0.41433
elapsed_time: 177.38  processed: 10.0%  loss=1.405888  acc=0.55850
elapsed_time: 266.10  processed: 15.0%  loss=1.222356  acc=0.62367
elapsed_time: 355.25  processed: 20.0%  loss=1.116235  acc=0.66283
elapsed_time: 444.68  processed: 25.0%  loss=1.044140  acc=0.68773
elapsed_time: 533.45  processed: 30.0%  loss=0.979075  acc=0.70711
elapsed_time: 623.24  processed: 35.0%  loss=0.936844  acc=0.72129
elapsed_time: 712.47  processed: 40.0%  loss=0.906221  acc=0.73054
elapsed_time: 803.89  processed: 45.0%  loss=0.880272  acc=0.73952
elapsed_time: 894.80  processed: 50.0%  loss=0.861183  acc=0.74560
elapsed_time: 985.83  processed: 55.0%  loss=0.843008  acc=0.75127
elapsed_time: 1076.78  processed: 60.0%  loss=0.827646  acc=0.75578
elapsed_time: 1169.92  processed: 65.0%  loss=0.813523  acc=0.75951
elapsed_time: 1261.71  processed: 70.0%  loss=0.800388  acc=0.76293
elapsed_time: 1350.48  processed: 75.0%  loss=0.788531  acc=0.76693
elapsed_time: 1438.96  processed: 80.0%  loss=0.778902  acc=0.76960
elapsed_time: 1527.77  processed: 85.0%  loss=0.767856  acc=0.77331
elapsed_time: 1616.10  processed: 90.0%  loss=0.759834  acc=0.77567
elapsed_time: 1704.45  processed: 95.0%  loss=0.752224  acc=0.77821
elapsed_time: 1793.00  processed: 100.0%  loss=0.745320  acc=0.78038
epoch= 2
elapsed_time: 1881.69  processed: 5.0%  loss=0.600686  acc=0.81767
elapsed_time: 1970.26  processed: 10.0%  loss=0.620467  acc=0.81817
elapsed_time: 2058.89  processed: 15.0%  loss=0.611347  acc=0.82011
elapsed_time: 2147.47  processed: 20.0%  loss=0.598580  acc=0.82492
elapsed_time: 2236.10  processed: 25.0%  loss=0.597722  acc=0.82567
elapsed_time: 2324.82  processed: 30.0%  loss=0.591660  acc=0.82606
elapsed_time: 2413.53  processed: 35.0%  loss=0.591039  acc=0.82700
elapsed_time: 2502.19  processed: 40.0%  loss=0.585877  acc=0.82854
elapsed_time: 2590.72  processed: 45.0%  loss=0.578889  acc=0.82930
elapsed_time: 2679.31  processed: 50.0%  loss=0.579133  acc=0.82907
elapsed_time: 2767.91  processed: 55.0%  loss=0.577516  acc=0.82964
elapsed_time: 2856.47  processed: 60.0%  loss=0.576404  acc=0.82942
elapsed_time: 2944.99  processed: 65.0%  loss=0.575682  acc=0.82905
elapsed_time: 3033.57  processed: 70.0%  loss=0.575622  acc=0.82893
elapsed_time: 3122.20  processed: 75.0%  loss=0.575240  acc=0.82929
elapsed_time: 3210.74  processed: 80.0%  loss=0.573962  acc=0.82935
elapsed_time: 3299.32  processed: 85.0%  loss=0.570448  acc=0.83045
elapsed_time: 3387.93  processed: 90.0%  loss=0.567995  acc=0.83056
elapsed_time: 3476.54  processed: 95.0%  loss=0.569269  acc=0.83067
elapsed_time: 3565.65  processed: 100.0%  loss=0.568296  acc=0.83095
epoch= 3
elapsed_time: 3653.87  processed: 5.0%  loss=0.525281  acc=0.84300
elapsed_time: 3742.43  processed: 10.0%  loss=0.546570  acc=0.83833
elapsed_time: 3830.41  processed: 15.0%  loss=0.538692  acc=0.84144
elapsed_time: 3918.41  processed: 20.0%  loss=0.540666  acc=0.84158
elapsed_time: 4006.40  processed: 25.0%  loss=0.537310  acc=0.84333
elapsed_time: 4094.38  processed: 30.0%  loss=0.535631  acc=0.84239
elapsed_time: 4182.39  processed: 35.0%  loss=0.537152  acc=0.84248
elapsed_time: 4270.31  processed: 40.0%  loss=0.539707  acc=0.84183
elapsed_time: 4358.35  processed: 45.0%  loss=0.543251  acc=0.84126
elapsed_time: 4446.27  processed: 50.0%  loss=0.543398  acc=0.84153
elapsed_time: 4534.21  processed: 55.0%  loss=0.539479  acc=0.84233
elapsed_time: 4622.14  processed: 60.0%  loss=0.540295  acc=0.84181
elapsed_time: 4710.11  processed: 65.0%  loss=0.538496  acc=0.84172
elapsed_time: 4798.13  processed: 70.0%  loss=0.541093  acc=0.84067
elapsed_time: 4886.06  processed: 75.0%  loss=0.539938  acc=0.84124
elapsed_time: 4974.00  processed: 80.0%  loss=0.539630  acc=0.84140
elapsed_time: 5061.95  processed: 85.0%  loss=0.540271  acc=0.84145
elapsed_time: 5149.97  processed: 90.0%  loss=0.538140  acc=0.84224
elapsed_time: 5237.99  processed: 95.0%  loss=0.539122  acc=0.84163
elapsed_time: 5325.95  processed: 100.0%  loss=0.536414  acc=0.84208
epoch= 4
elapsed_time: 5413.94  processed: 5.0%  loss=0.543632  acc=0.84167
elapsed_time: 5501.95  processed: 10.0%  loss=0.560382  acc=0.83617
elapsed_time: 5589.83  processed: 15.0%  loss=0.553317  acc=0.83800
elapsed_time: 5677.81  processed: 20.0%  loss=0.545416  acc=0.83992
elapsed_time: 5765.71  processed: 25.0%  loss=0.540283  acc=0.84113
elapsed_time: 5853.70  processed: 30.0%  loss=0.535597  acc=0.84156
elapsed_time: 5941.62  processed: 35.0%  loss=0.529263  acc=0.84295
elapsed_time: 6029.52  processed: 40.0%  loss=0.526719  acc=0.84425
elapsed_time: 6117.68  processed: 45.0%  loss=0.523153  acc=0.84456
elapsed_time: 6205.58  processed: 50.0%  loss=0.524258  acc=0.84410
elapsed_time: 6293.51  processed: 55.0%  loss=0.518565  acc=0.84618
elapsed_time: 6381.46  processed: 60.0%  loss=0.520790  acc=0.84581
elapsed_time: 6469.44  processed: 65.0%  loss=0.523079  acc=0.84500
elapsed_time: 6557.39  processed: 70.0%  loss=0.521612  acc=0.84531
elapsed_time: 6645.37  processed: 75.0%  loss=0.520441  acc=0.84569
elapsed_time: 6733.27  processed: 80.0%  loss=0.522645  acc=0.84502
elapsed_time: 6821.17  processed: 85.0%  loss=0.521342  acc=0.84504
elapsed_time: 6909.10  processed: 90.0%  loss=0.519308  acc=0.84548
elapsed_time: 6997.06  processed: 95.0%  loss=0.518904  acc=0.84600
elapsed_time: 7085.02  processed: 100.0%  loss=0.516481  acc=0.84630
epoch= 5
elapsed_time: 7172.97  processed: 5.0%  loss=0.514271  acc=0.84433
elapsed_time: 7260.89  processed: 10.0%  loss=0.514524  acc=0.84317
elapsed_time: 7348.85  processed: 15.0%  loss=0.519271  acc=0.84444
elapsed_time: 7436.75  processed: 20.0%  loss=0.520070  acc=0.84358
elapsed_time: 7524.74  processed: 25.0%  loss=0.524375  acc=0.84267
elapsed_time: 7612.61  processed: 30.0%  loss=0.521302  acc=0.84483
elapsed_time: 7700.51  processed: 35.0%  loss=0.518677  acc=0.84619
elapsed_time: 7788.57  processed: 40.0%  loss=0.519680  acc=0.84546
elapsed_time: 7876.48  processed: 45.0%  loss=0.523603  acc=0.84404
elapsed_time: 7964.55  processed: 50.0%  loss=0.520946  acc=0.84480
elapsed_time: 8052.65  processed: 55.0%  loss=0.517525  acc=0.84621
elapsed_time: 8140.63  processed: 60.0%  loss=0.512355  acc=0.84742
elapsed_time: 8228.63  processed: 65.0%  loss=0.513472  acc=0.84744
elapsed_time: 8316.60  processed: 70.0%  loss=0.510494  acc=0.84831
elapsed_time: 8404.50  processed: 75.0%  loss=0.508778  acc=0.84907
elapsed_time: 8492.44  processed: 80.0%  loss=0.507565  acc=0.84931
elapsed_time: 8580.51  processed: 85.0%  loss=0.505909  acc=0.84953
elapsed_time: 8668.41  processed: 90.0%  loss=0.507141  acc=0.84874
elapsed_time: 8756.30  processed: 95.0%  loss=0.505069  acc=0.84909
elapsed_time: 8844.20  processed: 100.0%  loss=0.503824  acc=0.84955
epoch= 6
elapsed_time: 8932.12  processed: 5.0%  loss=0.486979  acc=0.86167
elapsed_time: 9020.06  processed: 10.0%  loss=0.496712  acc=0.85600
elapsed_time: 9107.92  processed: 15.0%  loss=0.498151  acc=0.85311
elapsed_time: 9195.97  processed: 20.0%  loss=0.498552  acc=0.85217
elapsed_time: 9283.84  processed: 25.0%  loss=0.494819  acc=0.85220
elapsed_time: 9371.93  processed: 30.0%  loss=0.496009  acc=0.85128
elapsed_time: 9459.79  processed: 35.0%  loss=0.495046  acc=0.85262
elapsed_time: 9547.61  processed: 40.0%  loss=0.496771  acc=0.85229
elapsed_time: 9635.64  processed: 45.0%  loss=0.495833  acc=0.85226
elapsed_time: 9723.52  processed: 50.0%  loss=0.495356  acc=0.85183
elapsed_time: 9811.44  processed: 55.0%  loss=0.496440  acc=0.85164
elapsed_time: 9899.30  processed: 60.0%  loss=0.495558  acc=0.85156
elapsed_time: 9987.17  processed: 65.0%  loss=0.495048  acc=0.85177
elapsed_time: 10075.26  processed: 70.0%  loss=0.494257  acc=0.85195
elapsed_time: 10163.19  processed: 75.0%  loss=0.492130  acc=0.85269
elapsed_time: 10251.11  processed: 80.0%  loss=0.493647  acc=0.85217
elapsed_time: 10339.06  processed: 85.0%  loss=0.493657  acc=0.85233
elapsed_time: 10426.99  processed: 90.0%  loss=0.493204  acc=0.85230
elapsed_time: 10514.80  processed: 95.0%  loss=0.492926  acc=0.85237
elapsed_time: 10602.66  processed: 100.0%  loss=0.492202  acc=0.85282
epoch= 7
elapsed_time: 10690.59  processed: 5.0%  loss=0.475610  acc=0.85600
elapsed_time: 10778.49  processed: 10.0%  loss=0.486072  acc=0.85333
elapsed_time: 10866.35  processed: 15.0%  loss=0.478430  acc=0.85733
elapsed_time: 10954.25  processed: 20.0%  loss=0.487601  acc=0.85508
elapsed_time: 11042.05  processed: 25.0%  loss=0.489486  acc=0.85427
elapsed_time: 11129.93  processed: 30.0%  loss=0.490107  acc=0.85378
elapsed_time: 11217.88  processed: 35.0%  loss=0.488859  acc=0.85538
elapsed_time: 11305.76  processed: 40.0%  loss=0.484491  acc=0.85637
elapsed_time: 11393.66  processed: 45.0%  loss=0.485101  acc=0.85552
elapsed_time: 11481.64  processed: 50.0%  loss=0.483712  acc=0.85547
elapsed_time: 11569.54  processed: 55.0%  loss=0.481448  acc=0.85594
elapsed_time: 11657.37  processed: 60.0%  loss=0.479335  acc=0.85628
elapsed_time: 11745.17  processed: 65.0%  loss=0.481417  acc=0.85536
elapsed_time: 11832.90  processed: 70.0%  loss=0.478052  acc=0.85671
elapsed_time: 11920.72  processed: 75.0%  loss=0.479043  acc=0.85678
elapsed_time: 12008.52  processed: 80.0%  loss=0.475698  acc=0.85740
elapsed_time: 12096.32  processed: 85.0%  loss=0.475111  acc=0.85780
elapsed_time: 12184.77  processed: 90.0%  loss=0.476373  acc=0.85754
elapsed_time: 12272.51  processed: 95.0%  loss=0.475860  acc=0.85795
elapsed_time: 12360.32  processed: 100.0%  loss=0.476292  acc=0.85730
epoch= 8
elapsed_time: 12448.07  processed: 5.0%  loss=0.460495  acc=0.86533
elapsed_time: 12535.85  processed: 10.0%  loss=0.447551  acc=0.86733
elapsed_time: 12623.66  processed: 15.0%  loss=0.454866  acc=0.86589
elapsed_time: 12711.47  processed: 20.0%  loss=0.454975  acc=0.86792
elapsed_time: 12799.18  processed: 25.0%  loss=0.458434  acc=0.86720
elapsed_time: 12887.07  processed: 30.0%  loss=0.460225  acc=0.86522
elapsed_time: 12974.85  processed: 35.0%  loss=0.454731  acc=0.86752
elapsed_time: 13062.63  processed: 40.0%  loss=0.450363  acc=0.86733
elapsed_time: 13150.47  processed: 45.0%  loss=0.455746  acc=0.86493
elapsed_time: 13238.31  processed: 50.0%  loss=0.455808  acc=0.86463
elapsed_time: 13326.12  processed: 55.0%  loss=0.456674  acc=0.86400
elapsed_time: 13414.00  processed: 60.0%  loss=0.459467  acc=0.86258
elapsed_time: 13501.78  processed: 65.0%  loss=0.458934  acc=0.86295
elapsed_time: 13589.58  processed: 70.0%  loss=0.460371  acc=0.86236
elapsed_time: 13677.35  processed: 75.0%  loss=0.459201  acc=0.86227
elapsed_time: 13765.15  processed: 80.0%  loss=0.460940  acc=0.86165
elapsed_time: 13852.91  processed: 85.0%  loss=0.460132  acc=0.86141
elapsed_time: 13940.63  processed: 90.0%  loss=0.459176  acc=0.86154
elapsed_time: 14028.34  processed: 95.0%  loss=0.456794  acc=0.86263
elapsed_time: 14116.05  processed: 100.0%  loss=0.456532  acc=0.86268
epoch= 9
elapsed_time: 14203.83  processed: 5.0%  loss=0.412397  acc=0.86967
elapsed_time: 14291.62  processed: 10.0%  loss=0.442453  acc=0.86517
elapsed_time: 14379.40  processed: 15.0%  loss=0.438599  acc=0.86922
elapsed_time: 14467.14  processed: 20.0%  loss=0.435765  acc=0.86975
elapsed_time: 14554.95  processed: 25.0%  loss=0.435490  acc=0.87020
elapsed_time: 14642.72  processed: 30.0%  loss=0.436947  acc=0.86911
elapsed_time: 14730.51  processed: 35.0%  loss=0.433108  acc=0.87010
elapsed_time: 14818.27  processed: 40.0%  loss=0.435179  acc=0.86950
elapsed_time: 14906.06  processed: 45.0%  loss=0.433477  acc=0.86970
elapsed_time: 14993.73  processed: 50.0%  loss=0.434424  acc=0.86973
elapsed_time: 15081.53  processed: 55.0%  loss=0.433537  acc=0.86997
elapsed_time: 15169.34  processed: 60.0%  loss=0.436379  acc=0.86872
elapsed_time: 15257.14  processed: 65.0%  loss=0.438197  acc=0.86810
elapsed_time: 15344.92  processed: 70.0%  loss=0.436808  acc=0.86824
elapsed_time: 15432.65  processed: 75.0%  loss=0.435906  acc=0.86833
elapsed_time: 15520.44  processed: 80.0%  loss=0.433258  acc=0.86902
elapsed_time: 15608.15  processed: 85.0%  loss=0.433531  acc=0.86878
elapsed_time: 15695.95  processed: 90.0%  loss=0.434053  acc=0.86880
elapsed_time: 15783.68  processed: 95.0%  loss=0.432559  acc=0.86912
elapsed_time: 15871.45  processed: 100.0%  loss=0.433946  acc=0.86857
epoch= 10
elapsed_time: 15959.22  processed: 5.0%  loss=0.465853  acc=0.85233
elapsed_time: 16046.99  processed: 10.0%  loss=0.442402  acc=0.86117
elapsed_time: 16134.69  processed: 15.0%  loss=0.441068  acc=0.86111
elapsed_time: 16222.51  processed: 20.0%  loss=0.427681  acc=0.86575
elapsed_time: 16310.31  processed: 25.0%  loss=0.430715  acc=0.86587
elapsed_time: 16398.09  processed: 30.0%  loss=0.425098  acc=0.86717
elapsed_time: 16485.87  processed: 35.0%  loss=0.427595  acc=0.86743
elapsed_time: 16573.64  processed: 40.0%  loss=0.422780  acc=0.86929
elapsed_time: 16661.40  processed: 45.0%  loss=0.420766  acc=0.87015
elapsed_time: 16749.09  processed: 50.0%  loss=0.424582  acc=0.86890
elapsed_time: 16836.97  processed: 55.0%  loss=0.426538  acc=0.86821
elapsed_time: 16924.72  processed: 60.0%  loss=0.426325  acc=0.86878
elapsed_time: 17012.50  processed: 65.0%  loss=0.424647  acc=0.86964
elapsed_time: 17100.20  processed: 70.0%  loss=0.422767  acc=0.87021
elapsed_time: 17187.99  processed: 75.0%  loss=0.420674  acc=0.87120
elapsed_time: 17275.79  processed: 80.0%  loss=0.420126  acc=0.87129
elapsed_time: 17363.48  processed: 85.0%  loss=0.418268  acc=0.87175
elapsed_time: 17451.31  processed: 90.0%  loss=0.417317  acc=0.87187
elapsed_time: 17539.09  processed: 95.0%  loss=0.417118  acc=0.87179
elapsed_time: 17626.89  processed: 100.0%  loss=0.416464  acc=0.87200
epoch= 11
elapsed_time: 17714.69  processed: 5.0%  loss=0.443556  acc=0.86767
elapsed_time: 17802.46  processed: 10.0%  loss=0.422887  acc=0.87267
elapsed_time: 17890.21  processed: 15.0%  loss=0.423556  acc=0.87233
elapsed_time: 17978.01  processed: 20.0%  loss=0.414428  acc=0.87525
elapsed_time: 18065.78  processed: 25.0%  loss=0.413466  acc=0.87493
elapsed_time: 18153.67  processed: 30.0%  loss=0.416491  acc=0.87322
elapsed_time: 18241.35  processed: 35.0%  loss=0.413659  acc=0.87390
elapsed_time: 18329.14  processed: 40.0%  loss=0.414271  acc=0.87421
elapsed_time: 18416.92  processed: 45.0%  loss=0.413418  acc=0.87389
elapsed_time: 18504.66  processed: 50.0%  loss=0.412810  acc=0.87400
elapsed_time: 18592.41  processed: 55.0%  loss=0.412412  acc=0.87448
elapsed_time: 18680.09  processed: 60.0%  loss=0.411851  acc=0.87475
elapsed_time: 18767.90  processed: 65.0%  loss=0.409521  acc=0.87528
elapsed_time: 18855.66  processed: 70.0%  loss=0.411922  acc=0.87488
elapsed_time: 18943.42  processed: 75.0%  loss=0.410363  acc=0.87564
elapsed_time: 19031.16  processed: 80.0%  loss=0.408823  acc=0.87631
elapsed_time: 19119.00  processed: 85.0%  loss=0.407687  acc=0.87657
elapsed_time: 19206.79  processed: 90.0%  loss=0.407833  acc=0.87654
elapsed_time: 19294.61  processed: 95.0%  loss=0.408014  acc=0.87605
elapsed_time: 19382.34  processed: 100.0%  loss=0.405719  acc=0.87640
epoch= 12
elapsed_time: 19470.15  processed: 5.0%  loss=0.405070  acc=0.88033
elapsed_time: 19557.92  processed: 10.0%  loss=0.402072  acc=0.87750
elapsed_time: 19645.67  processed: 15.0%  loss=0.396932  acc=0.87822
elapsed_time: 19733.38  processed: 20.0%  loss=0.402425  acc=0.87717
elapsed_time: 19821.20  processed: 25.0%  loss=0.400992  acc=0.87773
elapsed_time: 19908.99  processed: 30.0%  loss=0.401980  acc=0.87772
elapsed_time: 19996.68  processed: 35.0%  loss=0.404325  acc=0.87667
elapsed_time: 20084.45  processed: 40.0%  loss=0.400976  acc=0.87754
elapsed_time: 20172.17  processed: 45.0%  loss=0.403583  acc=0.87700
elapsed_time: 20259.93  processed: 50.0%  loss=0.399579  acc=0.87797
elapsed_time: 20347.67  processed: 55.0%  loss=0.400820  acc=0.87764
elapsed_time: 20435.46  processed: 60.0%  loss=0.400321  acc=0.87753
elapsed_time: 20523.19  processed: 65.0%  loss=0.398571  acc=0.87795
elapsed_time: 20610.96  processed: 70.0%  loss=0.398744  acc=0.87795
elapsed_time: 20698.63  processed: 75.0%  loss=0.397560  acc=0.87840
elapsed_time: 20786.41  processed: 80.0%  loss=0.398368  acc=0.87821
elapsed_time: 20874.16  processed: 85.0%  loss=0.397004  acc=0.87855
elapsed_time: 20961.95  processed: 90.0%  loss=0.396689  acc=0.87848
elapsed_time: 21049.65  processed: 95.0%  loss=0.396873  acc=0.87854
elapsed_time: 21137.37  processed: 100.0%  loss=0.396483  acc=0.87882
epoch= 13
elapsed_time: 21225.31  processed: 5.0%  loss=0.384904  acc=0.88000
elapsed_time: 21313.02  processed: 10.0%  loss=0.393226  acc=0.87750
elapsed_time: 21400.77  processed: 15.0%  loss=0.390477  acc=0.88144
elapsed_time: 21488.48  processed: 20.0%  loss=0.397707  acc=0.87808
elapsed_time: 21576.25  processed: 25.0%  loss=0.394382  acc=0.88047
elapsed_time: 21664.01  processed: 30.0%  loss=0.407021  acc=0.87656
elapsed_time: 21751.74  processed: 35.0%  loss=0.398175  acc=0.87938
elapsed_time: 21839.40  processed: 40.0%  loss=0.398076  acc=0.87900
elapsed_time: 21927.17  processed: 45.0%  loss=0.397862  acc=0.87848
elapsed_time: 22014.86  processed: 50.0%  loss=0.396918  acc=0.87883
elapsed_time: 22102.57  processed: 55.0%  loss=0.397463  acc=0.87888
elapsed_time: 22190.29  processed: 60.0%  loss=0.395327  acc=0.87903
elapsed_time: 22278.00  processed: 65.0%  loss=0.394580  acc=0.87890
elapsed_time: 22365.71  processed: 70.0%  loss=0.395257  acc=0.87855
elapsed_time: 22453.45  processed: 75.0%  loss=0.392449  acc=0.87987
elapsed_time: 22541.22  processed: 80.0%  loss=0.393018  acc=0.87981
elapsed_time: 22628.90  processed: 85.0%  loss=0.392078  acc=0.88006
elapsed_time: 22716.64  processed: 90.0%  loss=0.392865  acc=0.87978
elapsed_time: 22804.36  processed: 95.0%  loss=0.393073  acc=0.87958
elapsed_time: 22892.13  processed: 100.0%  loss=0.391115  acc=0.88017
epoch= 14
elapsed_time: 22979.83  processed: 5.0%  loss=0.410021  acc=0.86867
elapsed_time: 23067.62  processed: 10.0%  loss=0.404557  acc=0.87600
elapsed_time: 23155.38  processed: 15.0%  loss=0.401342  acc=0.87589
elapsed_time: 23243.12  processed: 20.0%  loss=0.397922  acc=0.87642
elapsed_time: 23330.88  processed: 25.0%  loss=0.393524  acc=0.87707
elapsed_time: 23418.61  processed: 30.0%  loss=0.391258  acc=0.87794
elapsed_time: 23506.42  processed: 35.0%  loss=0.389350  acc=0.87814
elapsed_time: 23594.16  processed: 40.0%  loss=0.388371  acc=0.87921
elapsed_time: 23681.95  processed: 45.0%  loss=0.387125  acc=0.88007
elapsed_time: 23769.70  processed: 50.0%  loss=0.387659  acc=0.87993
elapsed_time: 23857.52  processed: 55.0%  loss=0.388964  acc=0.87967
elapsed_time: 23945.29  processed: 60.0%  loss=0.389149  acc=0.87989
elapsed_time: 24033.10  processed: 65.0%  loss=0.389082  acc=0.87977
elapsed_time: 24120.84  processed: 70.0%  loss=0.388610  acc=0.88000
elapsed_time: 24208.57  processed: 75.0%  loss=0.387640  acc=0.88060
elapsed_time: 24296.21  processed: 80.0%  loss=0.386062  acc=0.88104
elapsed_time: 24383.94  processed: 85.0%  loss=0.385805  acc=0.88076
elapsed_time: 24471.60  processed: 90.0%  loss=0.385086  acc=0.88119
elapsed_time: 24559.28  processed: 95.0%  loss=0.383967  acc=0.88123
elapsed_time: 24647.03  processed: 100.0%  loss=0.384507  acc=0.88137
epoch= 15
elapsed_time: 24734.72  processed: 5.0%  loss=0.382238  acc=0.88533
elapsed_time: 24822.44  processed: 10.0%  loss=0.383293  acc=0.88267
elapsed_time: 24910.20  processed: 15.0%  loss=0.378812  acc=0.88489
elapsed_time: 24997.90  processed: 20.0%  loss=0.375548  acc=0.88683
elapsed_time: 25085.59  processed: 25.0%  loss=0.379620  acc=0.88553
elapsed_time: 25173.33  processed: 30.0%  loss=0.384837  acc=0.88300
elapsed_time: 25261.08  processed: 35.0%  loss=0.380867  acc=0.88362
elapsed_time: 25348.77  processed: 40.0%  loss=0.381193  acc=0.88362
elapsed_time: 25436.43  processed: 45.0%  loss=0.381698  acc=0.88378
elapsed_time: 25524.10  processed: 50.0%  loss=0.382794  acc=0.88393
elapsed_time: 25611.82  processed: 55.0%  loss=0.381092  acc=0.88442
elapsed_time: 25699.56  processed: 60.0%  loss=0.384318  acc=0.88344
elapsed_time: 25787.35  processed: 65.0%  loss=0.384266  acc=0.88362
elapsed_time: 25874.99  processed: 70.0%  loss=0.385445  acc=0.88340
elapsed_time: 25962.69  processed: 75.0%  loss=0.386651  acc=0.88244
elapsed_time: 26050.33  processed: 80.0%  loss=0.385614  acc=0.88269
elapsed_time: 26138.02  processed: 85.0%  loss=0.385380  acc=0.88269
elapsed_time: 26225.70  processed: 90.0%  loss=0.383464  acc=0.88313
elapsed_time: 26313.37  processed: 95.0%  loss=0.383324  acc=0.88318
elapsed_time: 26401.06  processed: 100.0%  loss=0.382488  acc=0.88340
epoch= 16
elapsed_time: 26488.89  processed: 5.0%  loss=0.374900  acc=0.88600
elapsed_time: 26576.59  processed: 10.0%  loss=0.379481  acc=0.88300
elapsed_time: 26664.36  processed: 15.0%  loss=0.373042  acc=0.88500
elapsed_time: 26752.08  processed: 20.0%  loss=0.378713  acc=0.88400
elapsed_time: 26839.76  processed: 25.0%  loss=0.385901  acc=0.88100
elapsed_time: 26927.45  processed: 30.0%  loss=0.384857  acc=0.88183
elapsed_time: 27015.15  processed: 35.0%  loss=0.383226  acc=0.88114
elapsed_time: 27102.92  processed: 40.0%  loss=0.386285  acc=0.88083
elapsed_time: 27190.61  processed: 45.0%  loss=0.386291  acc=0.88115
elapsed_time: 27278.38  processed: 50.0%  loss=0.387566  acc=0.88043
elapsed_time: 27366.08  processed: 55.0%  loss=0.385915  acc=0.88106
elapsed_time: 27453.84  processed: 60.0%  loss=0.381988  acc=0.88189
elapsed_time: 27541.51  processed: 65.0%  loss=0.380068  acc=0.88259
elapsed_time: 27629.24  processed: 70.0%  loss=0.381213  acc=0.88233
elapsed_time: 27716.95  processed: 75.0%  loss=0.380067  acc=0.88278
elapsed_time: 27804.69  processed: 80.0%  loss=0.382351  acc=0.88252
elapsed_time: 27892.41  processed: 85.0%  loss=0.381171  acc=0.88282
elapsed_time: 27980.10  processed: 90.0%  loss=0.383500  acc=0.88244
elapsed_time: 28067.91  processed: 95.0%  loss=0.382226  acc=0.88286
elapsed_time: 28155.61  processed: 100.0%  loss=0.382296  acc=0.88302
epoch= 17
elapsed_time: 28243.39  processed: 5.0%  loss=0.407756  acc=0.87800
elapsed_time: 28331.09  processed: 10.0%  loss=0.389906  acc=0.88583
elapsed_time: 28418.87  processed: 15.0%  loss=0.376273  acc=0.88856
elapsed_time: 28506.62  processed: 20.0%  loss=0.373771  acc=0.88775
elapsed_time: 28594.37  processed: 25.0%  loss=0.370001  acc=0.88860
elapsed_time: 28682.09  processed: 30.0%  loss=0.372365  acc=0.88817
elapsed_time: 28769.88  processed: 35.0%  loss=0.367366  acc=0.88905
elapsed_time: 28857.60  processed: 40.0%  loss=0.368440  acc=0.88862
elapsed_time: 28945.36  processed: 45.0%  loss=0.371065  acc=0.88741
elapsed_time: 29033.08  processed: 50.0%  loss=0.370983  acc=0.88740
elapsed_time: 29120.80  processed: 55.0%  loss=0.372294  acc=0.88670
elapsed_time: 29208.55  processed: 60.0%  loss=0.373905  acc=0.88669
elapsed_time: 29296.35  processed: 65.0%  loss=0.374650  acc=0.88659
elapsed_time: 29384.14  processed: 70.0%  loss=0.376949  acc=0.88595
elapsed_time: 29471.92  processed: 75.0%  loss=0.376395  acc=0.88618
elapsed_time: 29559.73  processed: 80.0%  loss=0.376538  acc=0.88606
elapsed_time: 29647.44  processed: 85.0%  loss=0.376710  acc=0.88569
elapsed_time: 29735.23  processed: 90.0%  loss=0.375909  acc=0.88570
elapsed_time: 29823.00  processed: 95.0%  loss=0.376767  acc=0.88539
elapsed_time: 29910.76  processed: 100.0%  loss=0.375765  acc=0.88555
epoch= 18
elapsed_time: 29998.48  processed: 5.0%  loss=0.401895  acc=0.88200
elapsed_time: 30086.26  processed: 10.0%  loss=0.422091  acc=0.87650
elapsed_time: 30173.97  processed: 15.0%  loss=0.405663  acc=0.88000
elapsed_time: 30261.81  processed: 20.0%  loss=0.402381  acc=0.87783
elapsed_time: 30349.51  processed: 25.0%  loss=0.395037  acc=0.87900
elapsed_time: 30437.24  processed: 30.0%  loss=0.387092  acc=0.88044
elapsed_time: 30524.95  processed: 35.0%  loss=0.385491  acc=0.87986
elapsed_time: 30612.68  processed: 40.0%  loss=0.381557  acc=0.88133
elapsed_time: 30700.45  processed: 45.0%  loss=0.380201  acc=0.88163
elapsed_time: 30788.15  processed: 50.0%  loss=0.377038  acc=0.88203
elapsed_time: 30875.88  processed: 55.0%  loss=0.377845  acc=0.88242
elapsed_time: 30963.65  processed: 60.0%  loss=0.377499  acc=0.88244
elapsed_time: 31051.40  processed: 65.0%  loss=0.375570  acc=0.88305
elapsed_time: 31139.10  processed: 70.0%  loss=0.374584  acc=0.88298
elapsed_time: 31226.84  processed: 75.0%  loss=0.375474  acc=0.88282
elapsed_time: 31314.61  processed: 80.0%  loss=0.375853  acc=0.88258
elapsed_time: 31402.32  processed: 85.0%  loss=0.376794  acc=0.88220
elapsed_time: 31490.09  processed: 90.0%  loss=0.377128  acc=0.88222
elapsed_time: 31577.80  processed: 95.0%  loss=0.375452  acc=0.88284
elapsed_time: 31665.58  processed: 100.0%  loss=0.375026  acc=0.88345
epoch= 19
elapsed_time: 31753.35  processed: 5.0%  loss=0.357187  acc=0.88867
elapsed_time: 31841.13  processed: 10.0%  loss=0.376736  acc=0.88283
elapsed_time: 31928.87  processed: 15.0%  loss=0.376930  acc=0.88056
elapsed_time: 32016.60  processed: 20.0%  loss=0.378875  acc=0.88158
elapsed_time: 32104.35  processed: 25.0%  loss=0.373005  acc=0.88433
elapsed_time: 32192.09  processed: 30.0%  loss=0.368620  acc=0.88489
elapsed_time: 32279.79  processed: 35.0%  loss=0.370723  acc=0.88552
elapsed_time: 32367.44  processed: 40.0%  loss=0.370978  acc=0.88475
elapsed_time: 32455.19  processed: 45.0%  loss=0.368378  acc=0.88548
elapsed_time: 32542.92  processed: 50.0%  loss=0.370441  acc=0.88547
elapsed_time: 32630.62  processed: 55.0%  loss=0.369604  acc=0.88588
elapsed_time: 32718.38  processed: 60.0%  loss=0.373405  acc=0.88444
elapsed_time: 32806.07  processed: 65.0%  loss=0.372386  acc=0.88431
elapsed_time: 32893.75  processed: 70.0%  loss=0.370875  acc=0.88502
elapsed_time: 32981.45  processed: 75.0%  loss=0.370803  acc=0.88513
elapsed_time: 33069.21  processed: 80.0%  loss=0.371215  acc=0.88515
elapsed_time: 33157.24  processed: 85.0%  loss=0.371231  acc=0.88537
elapsed_time: 33245.04  processed: 90.0%  loss=0.374025  acc=0.88446
elapsed_time: 33332.83  processed: 95.0%  loss=0.374540  acc=0.88439
elapsed_time: 33420.52  processed: 100.0%  loss=0.374233  acc=0.88480
epoch= 20
elapsed_time: 33508.26  processed: 5.0%  loss=0.363227  acc=0.89000
elapsed_time: 33595.96  processed: 10.0%  loss=0.372933  acc=0.88583
elapsed_time: 33683.66  processed: 15.0%  loss=0.372878  acc=0.88389
elapsed_time: 33771.38  processed: 20.0%  loss=0.377045  acc=0.88350
elapsed_time: 33859.13  processed: 25.0%  loss=0.375097  acc=0.88373
elapsed_time: 33946.87  processed: 30.0%  loss=0.370919  acc=0.88500
elapsed_time: 34034.56  processed: 35.0%  loss=0.371651  acc=0.88410
elapsed_time: 34122.31  processed: 40.0%  loss=0.372738  acc=0.88421
elapsed_time: 34210.09  processed: 45.0%  loss=0.373828  acc=0.88437
elapsed_time: 34297.87  processed: 50.0%  loss=0.373440  acc=0.88447
elapsed_time: 34385.53  processed: 55.0%  loss=0.379299  acc=0.88230
elapsed_time: 34473.27  processed: 60.0%  loss=0.380646  acc=0.88208
elapsed_time: 34560.98  processed: 65.0%  loss=0.380276  acc=0.88231
elapsed_time: 34648.80  processed: 70.0%  loss=0.377290  acc=0.88348
elapsed_time: 34736.52  processed: 75.0%  loss=0.374756  acc=0.88424
elapsed_time: 34824.30  processed: 80.0%  loss=0.373593  acc=0.88498
elapsed_time: 34912.11  processed: 85.0%  loss=0.373977  acc=0.88524
elapsed_time: 34999.82  processed: 90.0%  loss=0.374115  acc=0.88493
elapsed_time: 35087.57  processed: 95.0%  loss=0.373741  acc=0.88502
elapsed_time: 35175.25  processed: 100.0%  loss=0.374288  acc=0.88488
Test accuracy = 0.9002
