ATen/Parallel:
	at::get_num_threads() : 8
	at::get_num_interop_threads() : 8
OpenMP 201511 (a.k.a. OpenMP 4.5)
	omp_get_max_threads() : 8
Intel(R) Math Kernel Library Version 2020.0.2 Product Build 20200624 for Intel(R) 64 architecture applications
	mkl_get_max_threads() : 8
Intel(R) MKL-DNN v1.6.0 (Git Hash 5ef631a030a6f73131c77892041042805a06064f)
std::thread::hardware_concurrency() : 16
Environment variables:
	OMP_NUM_THREADS : [not set]
	MKL_NUM_THREADS : [not set]
ATen parallel backend: OpenMP

Namespace(batch_size=100, epochs=20, lr_act=1e-05, lr_out=0.01, lr_rnn=0.0001, 
num_hidden_units=512, num_infeatures=1, 
num_finelayers=4, num_layers=2, num_threads=8, 
outfile='../Log/H512L4_Prop.log', profile=False, seed=202105157)
epoch= 1
elapsed_time: 39.03  processed: 10.0%  loss=1.839575  acc=0.65767
elapsed_time: 78.14  processed: 20.0%  loss=1.160223  acc=0.75567
elapsed_time: 117.26  processed: 30.0%  loss=0.917747  acc=0.79528
elapsed_time: 156.40  processed: 40.0%  loss=0.787480  acc=0.81633
elapsed_time: 195.57  processed: 50.0%  loss=0.703035  acc=0.83070
elapsed_time: 234.75  processed: 60.0%  loss=0.648455  acc=0.84047
elapsed_time: 273.92  processed: 70.0%  loss=0.609889  acc=0.84738
elapsed_time: 313.05  processed: 80.0%  loss=0.576636  acc=0.85404
elapsed_time: 352.21  processed: 90.0%  loss=0.551574  acc=0.85915
elapsed_time: 391.36  processed: 100.0%  loss=0.531386  acc=0.86332
epoch= 2
elapsed_time: 430.53  processed: 10.0%  loss=0.308510  acc=0.91183
elapsed_time: 469.62  processed: 20.0%  loss=0.332727  acc=0.90150
elapsed_time: 508.79  processed: 30.0%  loss=0.328744  acc=0.90283
elapsed_time: 547.96  processed: 40.0%  loss=0.323795  acc=0.90504
elapsed_time: 587.12  processed: 50.0%  loss=0.315772  acc=0.90683
elapsed_time: 626.27  processed: 60.0%  loss=0.314918  acc=0.90678
elapsed_time: 665.49  processed: 70.0%  loss=0.309696  acc=0.90802
elapsed_time: 704.69  processed: 80.0%  loss=0.307864  acc=0.90835
elapsed_time: 743.81  processed: 90.0%  loss=0.305564  acc=0.90898
elapsed_time: 782.96  processed: 100.0%  loss=0.305274  acc=0.90940
epoch= 3
elapsed_time: 822.18  processed: 10.0%  loss=0.289171  acc=0.91550
elapsed_time: 861.35  processed: 20.0%  loss=0.277928  acc=0.91925
elapsed_time: 900.59  processed: 30.0%  loss=0.277011  acc=0.91939
elapsed_time: 939.77  processed: 40.0%  loss=0.285522  acc=0.91667
elapsed_time: 979.09  processed: 50.0%  loss=0.277869  acc=0.91920
elapsed_time: 1018.31  processed: 60.0%  loss=0.277272  acc=0.92008
elapsed_time: 1057.48  processed: 70.0%  loss=0.278370  acc=0.91988
elapsed_time: 1096.72  processed: 80.0%  loss=0.276305  acc=0.92029
elapsed_time: 1135.96  processed: 90.0%  loss=0.277538  acc=0.91976
elapsed_time: 1175.21  processed: 100.0%  loss=0.277233  acc=0.91938
epoch= 4
elapsed_time: 1214.48  processed: 10.0%  loss=0.234356  acc=0.92983
elapsed_time: 1253.87  processed: 20.0%  loss=0.246099  acc=0.92517
elapsed_time: 1293.25  processed: 30.0%  loss=0.253804  acc=0.92311
elapsed_time: 1332.60  processed: 40.0%  loss=0.257085  acc=0.92254
elapsed_time: 1371.86  processed: 50.0%  loss=0.256466  acc=0.92287
elapsed_time: 1411.21  processed: 60.0%  loss=0.256411  acc=0.92294
elapsed_time: 1450.49  processed: 70.0%  loss=0.257036  acc=0.92290
elapsed_time: 1489.80  processed: 80.0%  loss=0.259101  acc=0.92258
elapsed_time: 1529.12  processed: 90.0%  loss=0.256255  acc=0.92350
elapsed_time: 1568.43  processed: 100.0%  loss=0.256190  acc=0.92343
epoch= 5
elapsed_time: 1607.81  processed: 10.0%  loss=0.250986  acc=0.92000
elapsed_time: 1647.20  processed: 20.0%  loss=0.260037  acc=0.92125
elapsed_time: 1686.54  processed: 30.0%  loss=0.252675  acc=0.92378
elapsed_time: 1725.94  processed: 40.0%  loss=0.253588  acc=0.92321
elapsed_time: 1765.46  processed: 50.0%  loss=0.248934  acc=0.92510
elapsed_time: 1805.16  processed: 60.0%  loss=0.248338  acc=0.92536
elapsed_time: 1844.78  processed: 70.0%  loss=0.248545  acc=0.92588
elapsed_time: 1884.29  processed: 80.0%  loss=0.245466  acc=0.92677
elapsed_time: 1923.79  processed: 90.0%  loss=0.247657  acc=0.92609
elapsed_time: 1963.43  processed: 100.0%  loss=0.247421  acc=0.92612
epoch= 6
elapsed_time: 2003.01  processed: 10.0%  loss=0.228108  acc=0.93250
elapsed_time: 2042.47  processed: 20.0%  loss=0.227771  acc=0.93200
elapsed_time: 2081.95  processed: 30.0%  loss=0.228093  acc=0.93111
elapsed_time: 2121.63  processed: 40.0%  loss=0.232525  acc=0.92942
elapsed_time: 2161.30  processed: 50.0%  loss=0.233536  acc=0.92970
elapsed_time: 2201.03  processed: 60.0%  loss=0.232664  acc=0.93044
elapsed_time: 2240.77  processed: 70.0%  loss=0.235249  acc=0.93012
elapsed_time: 2280.32  processed: 80.0%  loss=0.233722  acc=0.93017
elapsed_time: 2319.82  processed: 90.0%  loss=0.234547  acc=0.93000
elapsed_time: 2359.34  processed: 100.0%  loss=0.234969  acc=0.92962
epoch= 7
elapsed_time: 2398.91  processed: 10.0%  loss=0.232542  acc=0.93167
elapsed_time: 2438.50  processed: 20.0%  loss=0.234574  acc=0.93083
elapsed_time: 2478.06  processed: 30.0%  loss=0.235203  acc=0.93078
elapsed_time: 2517.53  processed: 40.0%  loss=0.227696  acc=0.93275
elapsed_time: 2557.09  processed: 50.0%  loss=0.225462  acc=0.93257
elapsed_time: 2596.80  processed: 60.0%  loss=0.225076  acc=0.93275
elapsed_time: 2636.41  processed: 70.0%  loss=0.225231  acc=0.93226
elapsed_time: 2675.95  processed: 80.0%  loss=0.225788  acc=0.93200
elapsed_time: 2715.52  processed: 90.0%  loss=0.228644  acc=0.93128
elapsed_time: 2755.05  processed: 100.0%  loss=0.227787  acc=0.93157
epoch= 8
elapsed_time: 2794.57  processed: 10.0%  loss=0.226973  acc=0.92633
elapsed_time: 2834.07  processed: 20.0%  loss=0.222100  acc=0.93008
elapsed_time: 2873.55  processed: 30.0%  loss=0.225901  acc=0.92950
elapsed_time: 2913.11  processed: 40.0%  loss=0.224279  acc=0.93058
elapsed_time: 2952.65  processed: 50.0%  loss=0.223361  acc=0.93120
elapsed_time: 2992.20  processed: 60.0%  loss=0.226342  acc=0.93050
elapsed_time: 3031.71  processed: 70.0%  loss=0.229677  acc=0.92921
elapsed_time: 3071.31  processed: 80.0%  loss=0.227269  acc=0.92988
elapsed_time: 3111.02  processed: 90.0%  loss=0.223944  acc=0.93104
elapsed_time: 3150.85  processed: 100.0%  loss=0.223780  acc=0.93110
epoch= 9
elapsed_time: 3190.70  processed: 10.0%  loss=0.212376  acc=0.93417
elapsed_time: 3230.40  processed: 20.0%  loss=0.213829  acc=0.93283
elapsed_time: 3269.94  processed: 30.0%  loss=0.216428  acc=0.93272
elapsed_time: 3309.59  processed: 40.0%  loss=0.214486  acc=0.93463
elapsed_time: 3349.43  processed: 50.0%  loss=0.213528  acc=0.93520
elapsed_time: 3389.05  processed: 60.0%  loss=0.213765  acc=0.93511
elapsed_time: 3428.73  processed: 70.0%  loss=0.215121  acc=0.93498
elapsed_time: 3468.30  processed: 80.0%  loss=0.217313  acc=0.93412
elapsed_time: 3507.82  processed: 90.0%  loss=0.219048  acc=0.93363
elapsed_time: 3547.67  processed: 100.0%  loss=0.219825  acc=0.93328
epoch= 10
elapsed_time: 3587.73  processed: 10.0%  loss=0.219709  acc=0.93217
elapsed_time: 3627.45  processed: 20.0%  loss=0.208143  acc=0.93625
elapsed_time: 3667.13  processed: 30.0%  loss=0.214081  acc=0.93467
elapsed_time: 3706.86  processed: 40.0%  loss=0.215223  acc=0.93429
elapsed_time: 3746.70  processed: 50.0%  loss=0.213088  acc=0.93560
elapsed_time: 3786.56  processed: 60.0%  loss=0.215479  acc=0.93481
elapsed_time: 3826.30  processed: 70.0%  loss=0.213930  acc=0.93519
elapsed_time: 3866.08  processed: 80.0%  loss=0.213250  acc=0.93533
elapsed_time: 3905.85  processed: 90.0%  loss=0.215074  acc=0.93485
elapsed_time: 3945.38  processed: 100.0%  loss=0.214701  acc=0.93508
epoch= 11
elapsed_time: 3984.94  processed: 10.0%  loss=0.210661  acc=0.93400
elapsed_time: 4025.09  processed: 20.0%  loss=0.206265  acc=0.93700
elapsed_time: 4064.83  processed: 30.0%  loss=0.212444  acc=0.93517
elapsed_time: 4104.46  processed: 40.0%  loss=0.214220  acc=0.93588
elapsed_time: 4144.21  processed: 50.0%  loss=0.213533  acc=0.93597
elapsed_time: 4185.43  processed: 60.0%  loss=0.209700  acc=0.93719
elapsed_time: 4224.96  processed: 70.0%  loss=0.212889  acc=0.93590
elapsed_time: 4264.51  processed: 80.0%  loss=0.214638  acc=0.93525
elapsed_time: 4304.08  processed: 90.0%  loss=0.212291  acc=0.93574
elapsed_time: 4343.72  processed: 100.0%  loss=0.212550  acc=0.93563
epoch= 12
elapsed_time: 4383.52  processed: 10.0%  loss=0.189074  acc=0.94150
elapsed_time: 4423.39  processed: 20.0%  loss=0.196663  acc=0.94042
elapsed_time: 4463.09  processed: 30.0%  loss=0.193746  acc=0.94033
elapsed_time: 4503.02  processed: 40.0%  loss=0.195661  acc=0.93937
elapsed_time: 4542.70  processed: 50.0%  loss=0.198950  acc=0.93843
elapsed_time: 4582.34  processed: 60.0%  loss=0.200190  acc=0.93800
elapsed_time: 4621.92  processed: 70.0%  loss=0.200563  acc=0.93814
elapsed_time: 4661.50  processed: 80.0%  loss=0.204592  acc=0.93698
elapsed_time: 4701.05  processed: 90.0%  loss=0.205227  acc=0.93654
elapsed_time: 4740.67  processed: 100.0%  loss=0.205878  acc=0.93628
epoch= 13
elapsed_time: 4780.45  processed: 10.0%  loss=0.194470  acc=0.94000
elapsed_time: 4820.04  processed: 20.0%  loss=0.189815  acc=0.94075
elapsed_time: 4859.70  processed: 30.0%  loss=0.198063  acc=0.93828
elapsed_time: 4899.34  processed: 40.0%  loss=0.198070  acc=0.93917
elapsed_time: 4938.94  processed: 50.0%  loss=0.197033  acc=0.93900
elapsed_time: 4978.51  processed: 60.0%  loss=0.198888  acc=0.93833
elapsed_time: 5018.13  processed: 70.0%  loss=0.200728  acc=0.93793
elapsed_time: 5057.82  processed: 80.0%  loss=0.199678  acc=0.93806
elapsed_time: 5097.60  processed: 90.0%  loss=0.202592  acc=0.93743
elapsed_time: 5137.56  processed: 100.0%  loss=0.201511  acc=0.93783
epoch= 14
elapsed_time: 5177.55  processed: 10.0%  loss=0.190792  acc=0.94033
elapsed_time: 5217.72  processed: 20.0%  loss=0.196991  acc=0.93842
elapsed_time: 5257.72  processed: 30.0%  loss=0.199566  acc=0.93822
elapsed_time: 5297.82  processed: 40.0%  loss=0.199350  acc=0.93763
elapsed_time: 5338.00  processed: 50.0%  loss=0.198860  acc=0.93823
elapsed_time: 5377.77  processed: 60.0%  loss=0.199255  acc=0.93839
elapsed_time: 5417.55  processed: 70.0%  loss=0.202019  acc=0.93762
elapsed_time: 5457.57  processed: 80.0%  loss=0.203543  acc=0.93733
elapsed_time: 5497.79  processed: 90.0%  loss=0.203564  acc=0.93783
elapsed_time: 5537.69  processed: 100.0%  loss=0.200363  acc=0.93870
epoch= 15
elapsed_time: 5577.41  processed: 10.0%  loss=0.198913  acc=0.93667
elapsed_time: 5617.11  processed: 20.0%  loss=0.198353  acc=0.93700
elapsed_time: 5657.09  processed: 30.0%  loss=0.202260  acc=0.93522
elapsed_time: 5697.26  processed: 40.0%  loss=0.200574  acc=0.93650
elapsed_time: 5737.59  processed: 50.0%  loss=0.208457  acc=0.93457
elapsed_time: 5777.90  processed: 60.0%  loss=0.206850  acc=0.93511
elapsed_time: 5817.99  processed: 70.0%  loss=0.203068  acc=0.93679
elapsed_time: 5858.16  processed: 80.0%  loss=0.202475  acc=0.93677
elapsed_time: 5898.33  processed: 90.0%  loss=0.200815  acc=0.93756
elapsed_time: 5938.58  processed: 100.0%  loss=0.202275  acc=0.93735
epoch= 16
elapsed_time: 5978.96  processed: 10.0%  loss=0.177703  acc=0.94433
elapsed_time: 6019.26  processed: 20.0%  loss=0.185923  acc=0.94217
elapsed_time: 6059.36  processed: 30.0%  loss=0.185984  acc=0.94156
elapsed_time: 6099.04  processed: 40.0%  loss=0.190044  acc=0.94071
elapsed_time: 6139.26  processed: 50.0%  loss=0.191197  acc=0.94047
elapsed_time: 6179.41  processed: 60.0%  loss=0.193738  acc=0.94003
elapsed_time: 6219.41  processed: 70.0%  loss=0.200339  acc=0.93879
elapsed_time: 6259.34  processed: 80.0%  loss=0.202227  acc=0.93819
elapsed_time: 6299.25  processed: 90.0%  loss=0.208972  acc=0.93628
elapsed_time: 6338.93  processed: 100.0%  loss=0.210402  acc=0.93588
epoch= 17
elapsed_time: 6378.78  processed: 10.0%  loss=0.211777  acc=0.93217
elapsed_time: 6418.50  processed: 20.0%  loss=0.212349  acc=0.93275
elapsed_time: 6458.22  processed: 30.0%  loss=0.211328  acc=0.93456
elapsed_time: 6498.19  processed: 40.0%  loss=0.213662  acc=0.93375
elapsed_time: 6538.00  processed: 50.0%  loss=0.214889  acc=0.93387
elapsed_time: 6577.87  processed: 60.0%  loss=0.215696  acc=0.93422
elapsed_time: 6617.48  processed: 70.0%  loss=0.212606  acc=0.93505
elapsed_time: 6657.22  processed: 80.0%  loss=0.211091  acc=0.93546
elapsed_time: 6696.99  processed: 90.0%  loss=0.211300  acc=0.93528
elapsed_time: 6736.66  processed: 100.0%  loss=0.209923  acc=0.93593
epoch= 18
elapsed_time: 6776.31  processed: 10.0%  loss=0.183105  acc=0.94583
elapsed_time: 6815.96  processed: 20.0%  loss=0.196935  acc=0.94058
elapsed_time: 6855.54  processed: 30.0%  loss=0.200121  acc=0.93933
elapsed_time: 6895.12  processed: 40.0%  loss=0.201739  acc=0.93912
elapsed_time: 6934.98  processed: 50.0%  loss=0.201335  acc=0.93930
elapsed_time: 6974.70  processed: 60.0%  loss=0.201073  acc=0.93939
elapsed_time: 7014.50  processed: 70.0%  loss=0.202961  acc=0.93824
elapsed_time: 7054.44  processed: 80.0%  loss=0.201584  acc=0.93856
elapsed_time: 7094.47  processed: 90.0%  loss=0.201142  acc=0.93896
elapsed_time: 7134.50  processed: 100.0%  loss=0.203267  acc=0.93863
epoch= 19
elapsed_time: 7174.75  processed: 10.0%  loss=0.209111  acc=0.93517
elapsed_time: 7214.65  processed: 20.0%  loss=0.219499  acc=0.93267
elapsed_time: 7254.50  processed: 30.0%  loss=0.237843  acc=0.92872
elapsed_time: 7294.71  processed: 40.0%  loss=0.226620  acc=0.93108
elapsed_time: 7334.52  processed: 50.0%  loss=0.221993  acc=0.93280
elapsed_time: 7374.60  processed: 60.0%  loss=0.218598  acc=0.93381
elapsed_time: 7414.87  processed: 70.0%  loss=0.217002  acc=0.93455
elapsed_time: 7454.83  processed: 80.0%  loss=0.215171  acc=0.93517
elapsed_time: 7494.85  processed: 90.0%  loss=0.213450  acc=0.93543
elapsed_time: 7534.86  processed: 100.0%  loss=0.214614  acc=0.93473
epoch= 20
elapsed_time: 7575.09  processed: 10.0%  loss=0.189569  acc=0.94167
elapsed_time: 7614.71  processed: 20.0%  loss=0.192141  acc=0.94083
elapsed_time: 7654.76  processed: 30.0%  loss=0.190559  acc=0.94239
elapsed_time: 7694.74  processed: 40.0%  loss=0.196888  acc=0.93996
elapsed_time: 7734.80  processed: 50.0%  loss=0.197198  acc=0.93947
elapsed_time: 7774.78  processed: 60.0%  loss=0.195620  acc=0.93997
elapsed_time: 7815.06  processed: 70.0%  loss=0.197387  acc=0.93969
elapsed_time: 7855.26  processed: 80.0%  loss=0.201866  acc=0.93835
elapsed_time: 7895.03  processed: 90.0%  loss=0.201529  acc=0.93848
elapsed_time: 7934.78  processed: 100.0%  loss=0.200854  acc=0.93870
Test accuracy = 0.9476
